<?xml version="1.0" encoding="UTF-8"?>
<testng-results ignored="0" total="1" passed="1" failed="0" skipped="0">
  <reporter-output>
  </reporter-output>
  <suite started-at="2024-01-19T19:20:09 IST" name="Default suite" finished-at="2024-01-19T19:20:20 IST" duration-ms="10851">
    <groups>
    </groups>
    <test started-at="2024-01-19T19:20:09 IST" name="Default test" finished-at="2024-01-19T19:20:20 IST" duration-ms="10851">
      <class name="com.Elearning.TestELearning">
        <test-method signature="testelearning()[pri:0, instance:com.Elearning.TestELearning@1165b38]" started-at="2024-01-19T19:20:09 IST" name="testelearning" finished-at="2024-01-19T19:20:20 IST" duration-ms="10793" status="PASS">
          <reporter-output>
          </reporter-output>
        </test-method> <!-- testelearning -->
      </class> <!-- com.Elearning.TestELearning -->
    </test> <!-- Default test -->
  </suite> <!-- Default suite -->
</testng-results>
